Build started 9/24/2014 12:55:56 PM.
     1>Project "C:\Users\ScottN\Google Drive\SchoolWork\UTA\Fall 2014\CSE 2320\Lab1\Lab 4\Lab 4.vcxproj" on node 2 (build target(s)).
     1>InitializeBuildStatus:
         Creating "Debug\Lab1.unsuccessfulbuild" because "AlwaysCreate" was specified.
       ClCompile:
         C:\Program Files (x86)\Microsoft Visual Studio 10.0\VC\bin\CL.exe /c /ZI /nologo /W3 /WX- /Od /Oy- /D _MBCS /Gm /EHsc /RTC1 /MDd /GS /fp:precise /Zc:wchar_t /Zc:forScope /Fo"Debug\\" /Fd"Debug\vc100.pdb" /Gd /TC /analyze- /errorReport:prompt Lab1.c
         Lab1.c
     1>c:\users\scottn\google drive\schoolwork\uta\fall 2014\cse 2320\lab1\lab 4\lab1.c(32): warning C4996: 'scanf': This function or variable may be unsafe. Consider using scanf_s instead. To disable deprecation, use _CRT_SECURE_NO_WARNINGS. See online help for details.
                 c:\program files (x86)\microsoft visual studio 10.0\vc\include\stdio.h(304) : see declaration of 'scanf'
     1>c:\users\scottn\google drive\schoolwork\uta\fall 2014\cse 2320\lab1\lab 4\lab1.c(49): warning C4996: 'scanf': This function or variable may be unsafe. Consider using scanf_s instead. To disable deprecation, use _CRT_SECURE_NO_WARNINGS. See online help for details.
                 c:\program files (x86)\microsoft visual studio 10.0\vc\include\stdio.h(304) : see declaration of 'scanf'
     1>c:\users\scottn\google drive\schoolwork\uta\fall 2014\cse 2320\lab1\lab 4\lab1.c(60): warning C4996: 'scanf': This function or variable may be unsafe. Consider using scanf_s instead. To disable deprecation, use _CRT_SECURE_NO_WARNINGS. See online help for details.
                 c:\program files (x86)\microsoft visual studio 10.0\vc\include\stdio.h(304) : see declaration of 'scanf'
     1>c:\users\scottn\google drive\schoolwork\uta\fall 2014\cse 2320\lab1\lab 4\lab1.c(64): warning C4996: 'scanf': This function or variable may be unsafe. Consider using scanf_s instead. To disable deprecation, use _CRT_SECURE_NO_WARNINGS. See online help for details.
                 c:\program files (x86)\microsoft visual studio 10.0\vc\include\stdio.h(304) : see declaration of 'scanf'
     1>c:\users\scottn\google drive\schoolwork\uta\fall 2014\cse 2320\lab1\lab 4\lab1.c(68): warning C4996: 'scanf': This function or variable may be unsafe. Consider using scanf_s instead. To disable deprecation, use _CRT_SECURE_NO_WARNINGS. See online help for details.
                 c:\program files (x86)\microsoft visual studio 10.0\vc\include\stdio.h(304) : see declaration of 'scanf'
       Link:
         C:\Program Files (x86)\Microsoft Visual Studio 10.0\VC\bin\link.exe /ERRORREPORT:PROMPT /OUT:"C:\Users\ScottN\Google Drive\SchoolWork\UTA\Fall 2014\CSE 2320\Lab1\Debug\Lab1.exe" /NOLOGO kernel32.lib user32.lib gdi32.lib winspool.lib comdlg32.lib advapi32.lib shell32.lib ole32.lib oleaut32.lib uuid.lib odbc32.lib odbccp32.lib /MANIFEST /ManifestFile:"Debug\Lab1.exe.intermediate.manifest" /MANIFESTUAC:"level='asInvoker' uiAccess='false'" /DEBUG /PDB:"C:\Users\ScottN\Google Drive\SchoolWork\UTA\Fall 2014\CSE 2320\Lab1\Debug\Lab1.pdb" /TLBID:1 /DYNAMICBASE /NXCOMPAT /IMPLIB:"C:\Users\ScottN\Google Drive\SchoolWork\UTA\Fall 2014\CSE 2320\Lab1\Debug\Lab1.lib" /MACHINE:X86 Debug\Lab1.obj
         LINK : C:\Users\ScottN\Google Drive\SchoolWork\UTA\Fall 2014\CSE 2320\Lab1\Debug\Lab1.exe not found or not built by the last incremental link; performing full link
         Lab 4.vcxproj -> C:\Users\ScottN\Google Drive\SchoolWork\UTA\Fall 2014\CSE 2320\Lab1\Debug\Lab1.exe
       Manifest:
         C:\Program Files (x86)\Microsoft SDKs\Windows\v7.0A\bin\mt.exe /nologo /verbose /outputresource:"C:\Users\ScottN\Google Drive\SchoolWork\UTA\Fall 2014\CSE 2320\Lab1\Debug\Lab1.exe;#1" /manifest Debug\Lab1.exe.intermediate.manifest
       FinalizeBuildStatus:
         Deleting file "Debug\Lab1.unsuccessfulbuild".
         Touching "Debug\Lab1.lastbuildstate".
     1>Done Building Project "C:\Users\ScottN\Google Drive\SchoolWork\UTA\Fall 2014\CSE 2320\Lab1\Lab 4\Lab 4.vcxproj" (build target(s)).

Build succeeded.

Time Elapsed 00:00:00.72
